# JRE version: OpenJDK Runtime Environment Temurin-21.0.10+7 (21.0.10+7) (build 21.0.10+7-LTS)
# Java VM: OpenJDK 64-Bit Server VM Temurin-21.0.10+7 (21.0.10+7-LTS, mixed mode, emulated-client, sharing, tiered, compressed oops, compressed class ptrs, g1 gc, windows-amd64)
GC Precious Log:
 CardTable entry size: 512
 Card Set container configuration: InlinePtr #cards 5 size 8 Array Of Cards #cards 12 size 40 Howl #buckets 4 coarsen threshold 1843 Howl Bitmap #cards 512 size 80 coarsen threshold 460 Card regions per heap region 1 cards per card region 2048
 CPUs: 2 total, 2 available
 Memory: 7418M
 Large Page Support: Disabled
 NUMA Support: Disabled
 Compressed Oops: Enabled (32-bit)
 Heap Region Size: 1M
 Heap Min Capacity: 8M
 Heap Initial Capacity: 116M
 Heap Max Capacity: 1856M
 Pre-touch: Disabled
 Parallel Workers: 2
 Concurrent Workers: 1
 Concurrent Refinement Workers: 2
 Periodic GC: Disabled
Heap:
 garbage-first heap   total 198656K, used 67736K [0x000000008c000000, 0x0000000100000000)
  region size 1024K, 1 young (1024K), 1 survivors (1024K)
 Metaspace       used 106589K, committed 121920K, reserved 1245184K
  class space    used 14639K, committed 17600K, reserved 1048576K
GC Heap History (20 events):
Event: 27646.382 GC heap after
{Heap after GC invocations=1252 (full 71):
 garbage-first heap   total 198656K, used 68226K [0x000000008c000000, 0x0000000100000000)
  region size 1024K, 2 young (2048K), 2 survivors (2048K)
 Metaspace       used 106589K, committed 121920K, reserved 1245184K
  class space    used 14639K, committed 17600K, reserved 1048576K
}
Event: 27674.698 GC heap before
{Heap before GC invocations=1252 (full 71):
 garbage-first heap   total 198656K, used 184962K [0x000000008c000000, 0x0000000100000000)
  region size 1024K, 116 young (118784K), 2 survivors (2048K)
 Metaspace       used 106589K, committed 121920K, reserved 1245184K
  class space    used 14639K, committed 17600K, reserved 1048576K
}
Event: 27674.771 GC heap after
{Heap after GC invocations=1253 (full 71):
 garbage-first heap   total 198656K, used 68331K [0x000000008c000000, 0x0000000100000000)
  region size 1024K, 2 young (2048K), 2 survivors (2048K)
 Metaspace       used 106589K, committed 121920K, reserved 1245184K
  class space    used 14639K, committed 17600K, reserved 1048576K
}
Event: 27713.537 GC heap before
{Heap before GC invocations=1254 (full 71):
 garbage-first heap   total 198656K, used 184043K [0x000000008c000000, 0x0000000100000000)
  region size 1024K, 116 young (118784K), 2 survivors (2048K)
 Metaspace       used 106589K, committed 121920K, reserved 1245184K
  class space    used 14639K, committed 17600K, reserved 1048576K
}
Event: 27713.542 GC heap after
{Heap after GC invocations=1255 (full 71):
 garbage-first heap   total 198656K, used 68355K [0x000000008c000000, 0x0000000100000000)
  region size 1024K, 2 young (2048K), 2 survivors (2048K)
 Metaspace       used 106589K, committed 121920K, reserved 1245184K
  class space    used 14639K, committed 17600K, reserved 1048576K
}
Event: 27740.359 GC heap before
{Heap before GC invocations=1255 (full 71):
 garbage-first heap   total 198656K, used 185091K [0x000000008c000000, 0x0000000100000000)
  region size 1024K, 116 young (118784K), 2 survivors (2048K)
 Metaspace       used 106589K, committed 121920K, reserved 1245184K
  class space    used 14639K, committed 17600K, reserved 1048576K
}
Event: 27740.400 GC heap after
{Heap after GC invocations=1256 (full 71):
 garbage-first heap   total 198656K, used 67800K [0x000000008c000000, 0x0000000100000000)
  region size 1024K, 1 young (1024K), 1 survivors (1024K)
 Metaspace       used 106589K, committed 121920K, reserved 1245184K
  class space    used 14639K, committed 17600K, reserved 1048576K
}
Event: 27776.737 GC heap before
{Heap before GC invocations=1257 (full 71):
 garbage-first heap   total 198656K, used 185560K [0x000000008c000000, 0x0000000100000000)
  region size 1024K, 116 young (118784K), 1 survivors (1024K)
 Metaspace       used 106589K, committed 121920K, reserved 1245184K
  class space    used 14639K, committed 17600K, reserved 1048576K
}
Event: 27776.746 GC heap after
{Heap after GC invocations=1258 (full 71):
 garbage-first heap   total 198656K, used 68432K [0x000000008c000000, 0x0000000100000000)
  region size 1024K, 2 young (2048K), 2 survivors (2048K)
 Metaspace       used 106589K, committed 121920K, reserved 1245184K
  class space    used 14639K, committed 17600K, reserved 1048576K
}
Event: 27822.704 GC heap before
{Heap before GC invocations=1258 (full 71):
 garbage-first heap   total 198656K, used 185168K [0x000000008c000000, 0x0000000100000000)
  region size 1024K, 116 young (118784K), 2 survivors (2048K)
 Metaspace       used 106589K, committed 121920K, reserved 1245184K
  class space    used 14639K, committed 17600K, reserved 1048576K
}
Event: 27822.787 GC heap after
{Heap after GC invocations=1259 (full 71):
 garbage-first heap   total 198656K, used 67830K [0x000000008c000000, 0x0000000100000000)
  region size 1024K, 1 young (1024K), 1 survivors (1024K)
 Metaspace       used 106589K, committed 121920K, reserved 1245184K
  class space    used 14639K, committed 17600K, reserved 1048576K
}
Event: 27866.458 GC heap before
{Heap before GC invocations=1260 (full 71):
 garbage-first heap   total 198656K, used 185590K [0x000000008c000000, 0x0000000100000000)
  region size 1024K, 116 young (118784K), 1 survivors (1024K)
 Metaspace       used 106589K, committed 121920K, reserved 1245184K
  class space    used 14639K, committed 17600K, reserved 1048576K
}
Event: 27866.522 GC heap after
{Heap after GC invocations=1261 (full 71):
 garbage-first heap   total 198656K, used 68166K [0x000000008c000000, 0x0000000100000000)
  region size 1024K, 1 young (1024K), 1 survivors (1024K)
 Metaspace       used 106589K, committed 121920K, reserved 1245184K
  class space    used 14639K, committed 17600K, reserved 1048576K
}
Event: 27896.034 GC heap before
{Heap before GC invocations=1261 (full 71):
 garbage-first heap   total 198656K, used 184902K [0x000000008c000000, 0x0000000100000000)
  region size 1024K, 116 young (118784K), 1 survivors (1024K)
 Metaspace       used 106589K, committed 121920K, reserved 1245184K
  class space    used 14639K, committed 17600K, reserved 1048576K
}
Event: 27896.139 GC heap after
{Heap after GC invocations=1262 (full 71):
 garbage-first heap   total 198656K, used 68344K [0x000000008c000000, 0x0000000100000000)
  region size 1024K, 2 young (2048K), 2 survivors (2048K)
 Metaspace       used 106589K, committed 121920K, reserved 1245184K
  class space    used 14639K, committed 17600K, reserved 1048576K
}
Event: 27934.425 GC heap before
{Heap before GC invocations=1263 (full 71):
 garbage-first heap   total 198656K, used 185080K [0x000000008c000000, 0x0000000100000000)
  region size 1024K, 116 young (118784K), 2 survivors (2048K)
 Metaspace       used 106589K, committed 121920K, reserved 1245184K
  class space    used 14639K, committed 17600K, reserved 1048576K
}
Event: 27934.434 GC heap after
{Heap after GC invocations=1264 (full 71):
 garbage-first heap   total 198656K, used 68166K [0x000000008c000000, 0x0000000100000000)
  region size 1024K, 1 young (1024K), 1 survivors (1024K)
 Metaspace       used 106589K, committed 121920K, reserved 1245184K
  class space    used 14639K, committed 17600K, reserved 1048576K
}
Event: 27966.357 GC heap before
{Heap before GC invocations=1264 (full 71):
 garbage-first heap   total 198656K, used 185926K [0x000000008c000000, 0x0000000100000000)
  region size 1024K, 116 young (118784K), 1 survivors (1024K)
 Metaspace       used 106589K, committed 121920K, reserved 1245184K
  class space    used 14639K, committed 17600K, reserved 1048576K
}
Event: 27966.468 GC heap after
{Heap after GC invocations=1265 (full 71):
 garbage-first heap   total 198656K, used 68560K [0x000000008c000000, 0x0000000100000000)
  region size 1024K, 2 young (2048K), 2 survivors (2048K)
 Metaspace       used 106589K, committed 121920K, reserved 1245184K
  class space    used 14639K, committed 17600K, reserved 1048576K
}
Event: 27989.547 GC heap before
{Heap before GC invocations=1266 (full 71):
 garbage-first heap   total 198656K, used 185296K [0x000000008c000000, 0x0000000100000000)
  region size 1024K, 116 young (118784K), 2 survivors (2048K)
 Metaspace       used 106589K, committed 121920K, reserved 1245184K
  class space    used 14639K, committed 17600K, reserved 1048576K
}

