# JRE version: OpenJDK Runtime Environment Temurin-21.0.10+7 (21.0.10+7) (build 21.0.10+7-LTS)
# Java VM: OpenJDK 64-Bit Server VM Temurin-21.0.10+7 (21.0.10+7-LTS, mixed mode, sharing, tiered, compressed oops, compressed class ptrs, g1 gc, windows-amd64)
GC Precious Log:
 CardTable entry size: 512
 Card Set container configuration: InlinePtr #cards 5 size 8 Array Of Cards #cards 12 size 40 Howl #buckets 4 coarsen threshold 1843 Howl Bitmap #cards 512 size 80 coarsen threshold 460 Card regions per heap region 1 cards per card region 2048
 CPUs: 2 total, 2 available
 Memory: 7418M
 Large Page Support: Disabled
 NUMA Support: Disabled
 Compressed Oops: Enabled (32-bit)
 Heap Region Size: 1M
 Heap Min Capacity: 8M
 Heap Initial Capacity: 116M
 Heap Max Capacity: 1856M
 Pre-touch: Disabled
 Parallel Workers: 2
 Concurrent Workers: 1
 Concurrent Refinement Workers: 2
 Periodic GC: Disabled
Heap:
 garbage-first heap   total 56320K, used 33326K [0x000000008c000000, 0x0000000100000000)
  region size 1024K, 13 young (13312K), 4 survivors (4096K)
 Metaspace       used 51541K, committed 52096K, reserved 1114112K
  class space    used 6197K, committed 6464K, reserved 1048576K
GC Heap History (20 events):
Event: 71.516 GC heap before
{Heap before GC invocations=20 (full 0):
 garbage-first heap   total 55296K, used 49573K [0x000000008c000000, 0x0000000100000000)
  region size 1024K, 32 young (32768K), 2 survivors (2048K)
 Metaspace       used 37659K, committed 38080K, reserved 1114112K
  class space    used 4461K, committed 4672K, reserved 1048576K
}
Event: 71.520 GC heap after
{Heap after GC invocations=21 (full 0):
 garbage-first heap   total 55296K, used 19590K [0x000000008c000000, 0x0000000100000000)
  region size 1024K, 3 young (3072K), 3 survivors (3072K)
 Metaspace       used 37659K, committed 38080K, reserved 1114112K
  class space    used 4461K, committed 4672K, reserved 1048576K
}
Event: 74.802 GC heap before
{Heap before GC invocations=21 (full 0):
 garbage-first heap   total 55296K, used 49286K [0x000000008c000000, 0x0000000100000000)
  region size 1024K, 32 young (32768K), 3 survivors (3072K)
 Metaspace       used 39197K, committed 39680K, reserved 1114112K
  class space    used 4626K, committed 4864K, reserved 1048576K
}
Event: 74.808 GC heap after
{Heap after GC invocations=22 (full 0):
 garbage-first heap   total 55296K, used 19887K [0x000000008c000000, 0x0000000100000000)
  region size 1024K, 3 young (3072K), 3 survivors (3072K)
 Metaspace       used 39197K, committed 39680K, reserved 1114112K
  class space    used 4626K, committed 4864K, reserved 1048576K
}
Event: 76.117 GC heap before
{Heap before GC invocations=22 (full 0):
 garbage-first heap   total 55296K, used 49583K [0x000000008c000000, 0x0000000100000000)
  region size 1024K, 32 young (32768K), 3 survivors (3072K)
 Metaspace       used 40916K, committed 41344K, reserved 1114112K
  class space    used 4823K, committed 4992K, reserved 1048576K
}
Event: 76.125 GC heap after
{Heap after GC invocations=23 (full 0):
 garbage-first heap   total 55296K, used 20726K [0x000000008c000000, 0x0000000100000000)
  region size 1024K, 3 young (3072K), 3 survivors (3072K)
 Metaspace       used 40916K, committed 41344K, reserved 1114112K
  class space    used 4823K, committed 4992K, reserved 1048576K
}
Event: 77.111 GC heap before
{Heap before GC invocations=23 (full 0):
 garbage-first heap   total 55296K, used 50422K [0x000000008c000000, 0x0000000100000000)
  region size 1024K, 32 young (32768K), 3 survivors (3072K)
 Metaspace       used 42494K, committed 43008K, reserved 1114112K
  class space    used 5083K, committed 5312K, reserved 1048576K
}
Event: 77.115 GC heap after
{Heap after GC invocations=24 (full 0):
 garbage-first heap   total 55296K, used 20539K [0x000000008c000000, 0x0000000100000000)
  region size 1024K, 2 young (2048K), 2 survivors (2048K)
 Metaspace       used 42494K, committed 43008K, reserved 1114112K
  class space    used 5083K, committed 5312K, reserved 1048576K
}
Event: 77.839 GC heap before
{Heap before GC invocations=24 (full 0):
 garbage-first heap   total 55296K, used 50235K [0x000000008c000000, 0x0000000100000000)
  region size 1024K, 31 young (31744K), 2 survivors (2048K)
 Metaspace       used 44060K, committed 44480K, reserved 1114112K
  class space    used 5241K, committed 5440K, reserved 1048576K
}
Event: 77.844 GC heap after
{Heap after GC invocations=25 (full 0):
 garbage-first heap   total 55296K, used 21152K [0x000000008c000000, 0x0000000100000000)
  region size 1024K, 3 young (3072K), 3 survivors (3072K)
 Metaspace       used 44060K, committed 44480K, reserved 1114112K
  class space    used 5241K, committed 5440K, reserved 1048576K
}
Event: 79.059 GC heap before
{Heap before GC invocations=25 (full 0):
 garbage-first heap   total 55296K, used 49824K [0x000000008c000000, 0x0000000100000000)
  region size 1024K, 31 young (31744K), 3 survivors (3072K)
 Metaspace       used 45580K, committed 46016K, reserved 1114112K
  class space    used 5459K, committed 5632K, reserved 1048576K
}
Event: 79.069 GC heap after
{Heap after GC invocations=26 (full 0):
 garbage-first heap   total 55296K, used 21797K [0x000000008c000000, 0x0000000100000000)
  region size 1024K, 3 young (3072K), 3 survivors (3072K)
 Metaspace       used 45580K, committed 46016K, reserved 1114112K
  class space    used 5459K, committed 5632K, reserved 1048576K
}
Event: 80.473 GC heap before
{Heap before GC invocations=26 (full 0):
 garbage-first heap   total 55296K, used 50469K [0x000000008c000000, 0x0000000100000000)
  region size 1024K, 31 young (31744K), 3 survivors (3072K)
 Metaspace       used 47430K, committed 47872K, reserved 1114112K
  class space    used 5693K, committed 5888K, reserved 1048576K
}
Event: 80.479 GC heap after
{Heap after GC invocations=27 (full 0):
 garbage-first heap   total 55296K, used 22567K [0x000000008c000000, 0x0000000100000000)
  region size 1024K, 3 young (3072K), 3 survivors (3072K)
 Metaspace       used 47430K, committed 47872K, reserved 1114112K
  class space    used 5693K, committed 5888K, reserved 1048576K
}
Event: 80.966 GC heap before
{Heap before GC invocations=27 (full 0):
 garbage-first heap   total 55296K, used 50215K [0x000000008c000000, 0x0000000100000000)
  region size 1024K, 30 young (30720K), 3 survivors (3072K)
 Metaspace       used 48799K, committed 49280K, reserved 1114112K
  class space    used 5882K, committed 6080K, reserved 1048576K
}
Event: 80.971 GC heap after
{Heap after GC invocations=28 (full 0):
 garbage-first heap   total 55296K, used 23313K [0x000000008c000000, 0x0000000100000000)
  region size 1024K, 3 young (3072K), 3 survivors (3072K)
 Metaspace       used 48799K, committed 49280K, reserved 1114112K
  class space    used 5882K, committed 6080K, reserved 1048576K
}
Event: 81.788 GC heap before
{Heap before GC invocations=28 (full 0):
 garbage-first heap   total 55296K, used 50961K [0x000000008c000000, 0x0000000100000000)
  region size 1024K, 30 young (30720K), 3 survivors (3072K)
 Metaspace       used 50261K, committed 50752K, reserved 1114112K
  class space    used 6066K, committed 6272K, reserved 1048576K
}
Event: 81.794 GC heap after
{Heap after GC invocations=29 (full 0):
 garbage-first heap   total 56320K, used 23947K [0x000000008c000000, 0x0000000100000000)
  region size 1024K, 3 young (3072K), 3 survivors (3072K)
 Metaspace       used 50261K, committed 50752K, reserved 1114112K
  class space    used 6066K, committed 6272K, reserved 1048576K
}
Event: 83.310 GC heap before
{Heap before GC invocations=29 (full 0):
 garbage-first heap   total 56320K, used 50571K [0x000000008c000000, 0x0000000100000000)
  region size 1024K, 29 young (29696K), 3 survivors (3072K)
 Metaspace       used 51394K, committed 51968K, reserved 1114112K
  class space    used 6187K, committed 6464K, reserved 1048576K
}
Event: 83.317 GC heap after
{Heap after GC invocations=30 (full 0):
 garbage-first heap   total 56320K, used 25134K [0x000000008c000000, 0x0000000100000000)
  region size 1024K, 4 young (4096K), 4 survivors (4096K)
 Metaspace       used 51394K, committed 51968K, reserved 1114112K
  class space    used 6187K, committed 6464K, reserved 1048576K
}

