# JRE version: OpenJDK Runtime Environment Temurin-21.0.10+7 (21.0.10+7) (build 21.0.10+7-LTS)
# Java VM: OpenJDK 64-Bit Server VM Temurin-21.0.10+7 (21.0.10+7-LTS, mixed mode, sharing, tiered, compressed oops, compressed class ptrs, g1 gc, windows-amd64)
GC Precious Log:
 CardTable entry size: 512
 Card Set container configuration: InlinePtr #cards 5 size 8 Array Of Cards #cards 12 size 40 Howl #buckets 4 coarsen threshold 1843 Howl Bitmap #cards 512 size 80 coarsen threshold 460 Card regions per heap region 1 cards per card region 2048
 CPUs: 2 total, 2 available
 Memory: 7418M
 Large Page Support: Disabled
 NUMA Support: Disabled
 Compressed Oops: Enabled (32-bit)
 Heap Region Size: 1M
 Heap Min Capacity: 8M
 Heap Initial Capacity: 116M
 Heap Max Capacity: 1856M
 Pre-touch: Disabled
 Parallel Workers: 2
 Concurrent Workers: 1
 Concurrent Refinement Workers: 2
 Periodic GC: Disabled
Heap:
 garbage-first heap   total 78848K, used 29417K [0x000000008c000000, 0x0000000100000000)
  region size 1024K, 13 young (13312K), 5 survivors (5120K)
 Metaspace       used 22298K, committed 22592K, reserved 1114112K
  class space    used 2451K, committed 2624K, reserved 1048576K
GC Heap History (16 events):
Event: 5.075 GC heap before
{Heap before GC invocations=0 (full 0):
 garbage-first heap   total 118784K, used 5120K [0x000000008c000000, 0x0000000100000000)
  region size 1024K, 6 young (6144K), 0 survivors (0K)
 Metaspace       used 1799K, committed 1984K, reserved 1114112K
  class space    used 161K, committed 256K, reserved 1048576K
}
Event: 5.478 GC heap after
{Heap after GC invocations=1 (full 0):
 garbage-first heap   total 118784K, used 2176K [0x000000008c000000, 0x0000000100000000)
  region size 1024K, 1 young (1024K), 1 survivors (1024K)
 Metaspace       used 1799K, committed 1984K, reserved 1114112K
  class space    used 161K, committed 256K, reserved 1048576K
}
Event: 10.750 GC heap before
{Heap before GC invocations=1 (full 0):
 garbage-first heap   total 118784K, used 7296K [0x000000008c000000, 0x0000000100000000)
  region size 1024K, 6 young (6144K), 1 survivors (1024K)
 Metaspace       used 3131K, committed 3264K, reserved 1114112K
  class space    used 315K, committed 384K, reserved 1048576K
}
Event: 10.754 GC heap after
{Heap after GC invocations=2 (full 0):
 garbage-first heap   total 118784K, used 3574K [0x000000008c000000, 0x0000000100000000)
  region size 1024K, 1 young (1024K), 1 survivors (1024K)
 Metaspace       used 3131K, committed 3264K, reserved 1114112K
  class space    used 315K, committed 384K, reserved 1048576K
}
Event: 15.786 GC heap before
{Heap before GC invocations=2 (full 0):
 garbage-first heap   total 118784K, used 13814K [0x000000008c000000, 0x0000000100000000)
  region size 1024K, 11 young (11264K), 1 survivors (1024K)
 Metaspace       used 5636K, committed 5824K, reserved 1114112K
  class space    used 657K, committed 768K, reserved 1048576K
}
Event: 15.795 GC heap after
{Heap after GC invocations=3 (full 0):
 garbage-first heap   total 118784K, used 4200K [0x000000008c000000, 0x0000000100000000)
  region size 1024K, 2 young (2048K), 2 survivors (2048K)
 Metaspace       used 5636K, committed 5824K, reserved 1114112K
  class space    used 657K, committed 768K, reserved 1048576K
}
Event: 29.274 GC heap before
{Heap before GC invocations=3 (full 0):
 garbage-first heap   total 118784K, used 69736K [0x000000008c000000, 0x0000000100000000)
  region size 1024K, 67 young (68608K), 2 survivors (2048K)
 Metaspace       used 15148K, committed 15360K, reserved 1114112K
  class space    used 1808K, committed 1920K, reserved 1048576K
}
Event: 29.291 GC heap after
{Heap after GC invocations=4 (full 0):
 garbage-first heap   total 118784K, used 9718K [0x000000008c000000, 0x0000000100000000)
  region size 1024K, 7 young (7168K), 7 survivors (7168K)
 Metaspace       used 15148K, committed 15360K, reserved 1114112K
  class space    used 1808K, committed 1920K, reserved 1048576K
}
Event: 41.584 GC heap before
{Heap before GC invocations=4 (full 0):
 garbage-first heap   total 118784K, used 66038K [0x000000008c000000, 0x0000000100000000)
  region size 1024K, 62 young (63488K), 7 survivors (7168K)
 Metaspace       used 16194K, committed 16448K, reserved 1114112K
  class space    used 1880K, committed 1984K, reserved 1048576K
}
Event: 41.622 GC heap after
{Heap after GC invocations=5 (full 0):
 garbage-first heap   total 118784K, used 14871K [0x000000008c000000, 0x0000000100000000)
  region size 1024K, 5 young (5120K), 5 survivors (5120K)
 Metaspace       used 16194K, committed 16448K, reserved 1114112K
  class space    used 1880K, committed 1984K, reserved 1048576K
}
Event: 51.512 GC heap before
{Heap before GC invocations=5 (full 0):
 garbage-first heap   total 118784K, used 78359K [0x000000008c000000, 0x0000000100000000)
  region size 1024K, 67 young (68608K), 5 survivors (5120K)
 Metaspace       used 16821K, committed 17088K, reserved 1114112K
  class space    used 1893K, committed 1984K, reserved 1048576K
}
Event: 51.523 GC heap after
{Heap after GC invocations=6 (full 0):
 garbage-first heap   total 118784K, used 17887K [0x000000008c000000, 0x0000000100000000)
  region size 1024K, 4 young (4096K), 4 survivors (4096K)
 Metaspace       used 16821K, committed 17088K, reserved 1114112K
  class space    used 1893K, committed 1984K, reserved 1048576K
}
Event: 58.658 GC heap before
{Heap before GC invocations=6 (full 0):
 garbage-first heap   total 118784K, used 77279K [0x000000008c000000, 0x0000000100000000)
  region size 1024K, 31 young (31744K), 4 survivors (4096K)
 Metaspace       used 18187K, committed 18432K, reserved 1114112K
  class space    used 2043K, committed 2176K, reserved 1048576K
}
Event: 58.666 GC heap after
{Heap after GC invocations=7 (full 0):
 garbage-first heap   total 118784K, used 19444K [0x000000008c000000, 0x0000000100000000)
  region size 1024K, 5 young (5120K), 5 survivors (5120K)
 Metaspace       used 18187K, committed 18432K, reserved 1114112K
  class space    used 2043K, committed 2176K, reserved 1048576K
}
Event: 72.899 GC heap before
{Heap before GC invocations=7 (full 0):
 garbage-first heap   total 118784K, used 113652K [0x000000008c000000, 0x0000000100000000)
  region size 1024K, 66 young (67584K), 5 survivors (5120K)
 Metaspace       used 21165K, committed 21504K, reserved 1114112K
  class space    used 2326K, committed 2496K, reserved 1048576K
}
Event: 72.910 GC heap after
{Heap after GC invocations=8 (full 0):
 garbage-first heap   total 123904K, used 22249K [0x000000008c000000, 0x0000000100000000)
  region size 1024K, 5 young (5120K), 5 survivors (5120K)
 Metaspace       used 21165K, committed 21504K, reserved 1114112K
  class space    used 2326K, committed 2496K, reserved 1048576K
}

