# JRE version: OpenJDK Runtime Environment Temurin-21.0.10+7 (21.0.10+7) (build 21.0.10+7-LTS)
# Java VM: OpenJDK 64-Bit Server VM Temurin-21.0.10+7 (21.0.10+7-LTS, mixed mode, sharing, tiered, compressed oops, compressed class ptrs, g1 gc, windows-amd64)
GC Precious Log:
 CardTable entry size: 512
 Card Set container configuration: InlinePtr #cards 5 size 8 Array Of Cards #cards 12 size 40 Howl #buckets 4 coarsen threshold 1843 Howl Bitmap #cards 512 size 80 coarsen threshold 460 Card regions per heap region 1 cards per card region 2048
 CPUs: 2 total, 2 available
 Memory: 7418M
 Large Page Support: Disabled
 NUMA Support: Disabled
 Compressed Oops: Enabled (32-bit)
 Heap Region Size: 1M
 Heap Min Capacity: 8M
 Heap Initial Capacity: 116M
 Heap Max Capacity: 1856M
 Pre-touch: Disabled
 Parallel Workers: 2
 Concurrent Workers: 1
 Concurrent Refinement Workers: 2
 Periodic GC: Disabled
Heap:
 garbage-first heap   total 157696K, used 146944K [0x000000008c000000, 0x0000000100000000)
  region size 1024K, 80 young (81920K), 7 survivors (7168K)
 Metaspace       used 116806K, committed 117760K, reserved 1179648K
  class space    used 13625K, committed 14080K, reserved 1048576K
GC Heap History (20 events):
Event: 77.456 GC heap after
{Heap after GC invocations=64 (full 0):
 garbage-first heap   total 114688K, used 51298K [0x000000008c000000, 0x0000000100000000)
  region size 1024K, 6 young (6144K), 6 survivors (6144K)
 Metaspace       used 101591K, committed 102272K, reserved 1179648K
  class space    used 11871K, committed 12160K, reserved 1048576K
}
Event: 79.075 GC heap before
{Heap before GC invocations=64 (full 0):
 garbage-first heap   total 114688K, used 106594K [0x000000008c000000, 0x0000000100000000)
  region size 1024K, 60 young (61440K), 6 survivors (6144K)
 Metaspace       used 104464K, committed 105280K, reserved 1179648K
  class space    used 12261K, committed 12608K, reserved 1048576K
}
Event: 79.089 GC heap after
{Heap after GC invocations=65 (full 0):
 garbage-first heap   total 115712K, used 53401K [0x000000008c000000, 0x0000000100000000)
  region size 1024K, 6 young (6144K), 6 survivors (6144K)
 Metaspace       used 104464K, committed 105280K, reserved 1179648K
  class space    used 12261K, committed 12608K, reserved 1048576K
}
Event: 83.798 GC heap before
{Heap before GC invocations=66 (full 0):
 garbage-first heap   total 115712K, used 107673K [0x000000008c000000, 0x0000000100000000)
  region size 1024K, 59 young (60416K), 6 survivors (6144K)
 Metaspace       used 106195K, committed 107008K, reserved 1179648K
  class space    used 12556K, committed 12928K, reserved 1048576K
}
Event: 83.815 GC heap after
{Heap after GC invocations=67 (full 0):
 garbage-first heap   total 115712K, used 54400K [0x000000008c000000, 0x0000000100000000)
  region size 1024K, 5 young (5120K), 5 survivors (5120K)
 Metaspace       used 106195K, committed 107008K, reserved 1179648K
  class space    used 12556K, committed 12928K, reserved 1048576K
}
Event: 84.715 GC heap before
{Heap before GC invocations=67 (full 0):
 garbage-first heap   total 115712K, used 106624K [0x000000008c000000, 0x0000000100000000)
  region size 1024K, 57 young (58368K), 5 survivors (5120K)
 Metaspace       used 108169K, committed 108928K, reserved 1179648K
  class space    used 12910K, committed 13248K, reserved 1048576K
}
Event: 84.730 GC heap after
{Heap after GC invocations=68 (full 0):
 garbage-first heap   total 117760K, used 56305K [0x000000008c000000, 0x0000000100000000)
  region size 1024K, 6 young (6144K), 6 survivors (6144K)
 Metaspace       used 108169K, committed 108928K, reserved 1179648K
  class space    used 12910K, committed 13248K, reserved 1048576K
}
Event: 85.228 GC heap before
{Heap before GC invocations=68 (full 0):
 garbage-first heap   total 117760K, used 109553K [0x000000008c000000, 0x0000000100000000)
  region size 1024K, 58 young (59392K), 6 survivors (6144K)
 Metaspace       used 108228K, committed 108992K, reserved 1179648K
  class space    used 12910K, committed 13248K, reserved 1048576K
}
Event: 85.237 GC heap after
{Heap after GC invocations=69 (full 0):
 garbage-first heap   total 141312K, used 56292K [0x000000008c000000, 0x0000000100000000)
  region size 1024K, 4 young (4096K), 4 survivors (4096K)
 Metaspace       used 108228K, committed 108992K, reserved 1179648K
  class space    used 12910K, committed 13248K, reserved 1048576K
}
Event: 87.803 GC heap before
{Heap before GC invocations=70 (full 0):
 garbage-first heap   total 141312K, used 132068K [0x000000008c000000, 0x0000000100000000)
  region size 1024K, 79 young (80896K), 4 survivors (4096K)
 Metaspace       used 110480K, committed 111296K, reserved 1179648K
  class space    used 13148K, committed 13504K, reserved 1048576K
}
Event: 87.817 GC heap after
{Heap after GC invocations=71 (full 0):
 garbage-first heap   total 141312K, used 58250K [0x000000008c000000, 0x0000000100000000)
  region size 1024K, 6 young (6144K), 6 survivors (6144K)
 Metaspace       used 110480K, committed 111296K, reserved 1179648K
  class space    used 13148K, committed 13504K, reserved 1048576K
}
Event: 90.135 GC heap before
{Heap before GC invocations=71 (full 0):
 garbage-first heap   total 141312K, used 133002K [0x000000008c000000, 0x0000000100000000)
  region size 1024K, 79 young (80896K), 6 survivors (6144K)
 Metaspace       used 111891K, committed 112704K, reserved 1179648K
  class space    used 13274K, committed 13632K, reserved 1048576K
}
Event: 90.165 GC heap after
{Heap after GC invocations=72 (full 0):
 garbage-first heap   total 144384K, used 61341K [0x000000008c000000, 0x0000000100000000)
  region size 1024K, 8 young (8192K), 8 survivors (8192K)
 Metaspace       used 111891K, committed 112704K, reserved 1179648K
  class space    used 13274K, committed 13632K, reserved 1048576K
}
Event: 92.566 GC heap before
{Heap before GC invocations=72 (full 0):
 garbage-first heap   total 144384K, used 136093K [0x000000008c000000, 0x0000000100000000)
  region size 1024K, 81 young (82944K), 8 survivors (8192K)
 Metaspace       used 112985K, committed 113856K, reserved 1179648K
  class space    used 13353K, committed 13760K, reserved 1048576K
}
Event: 92.588 GC heap after
{Heap after GC invocations=73 (full 0):
 garbage-first heap   total 149504K, used 65682K [0x000000008c000000, 0x0000000100000000)
  region size 1024K, 10 young (10240K), 10 survivors (10240K)
 Metaspace       used 112985K, committed 113856K, reserved 1179648K
  class space    used 13353K, committed 13760K, reserved 1048576K
}
Event: 95.535 GC heap before
{Heap before GC invocations=74 (full 0):
 garbage-first heap   total 149504K, used 139410K [0x000000008c000000, 0x0000000100000000)
  region size 1024K, 82 young (83968K), 10 survivors (10240K)
 Metaspace       used 114248K, committed 115136K, reserved 1179648K
  class space    used 13440K, committed 13824K, reserved 1048576K
}
Event: 95.560 GC heap after
{Heap after GC invocations=75 (full 0):
 garbage-first heap   total 153600K, used 69632K [0x000000008c000000, 0x0000000100000000)
  region size 1024K, 8 young (8192K), 8 survivors (8192K)
 Metaspace       used 114248K, committed 115136K, reserved 1179648K
  class space    used 13440K, committed 13824K, reserved 1048576K
}
Event: 97.045 GC heap before
{Heap before GC invocations=75 (full 0):
 garbage-first heap   total 153600K, used 143360K [0x000000008c000000, 0x0000000100000000)
  region size 1024K, 80 young (81920K), 8 survivors (8192K)
 Metaspace       used 115421K, committed 116352K, reserved 1179648K
  class space    used 13529K, committed 13952K, reserved 1048576K
}
Event: 97.068 GC heap after
{Heap after GC invocations=76 (full 0):
 garbage-first heap   total 156672K, used 72192K [0x000000008c000000, 0x0000000100000000)
  region size 1024K, 7 young (7168K), 7 survivors (7168K)
 Metaspace       used 115421K, committed 116352K, reserved 1179648K
  class space    used 13529K, committed 13952K, reserved 1048576K
}
Event: 98.933 GC heap before
{Heap before GC invocations=76 (full 0):
 garbage-first heap   total 156672K, used 146944K [0x000000008c000000, 0x0000000100000000)
  region size 1024K, 80 young (81920K), 7 survivors (7168K)
 Metaspace       used 116806K, committed 117760K, reserved 1179648K
  class space    used 13625K, committed 14080K, reserved 1048576K
}

