# JRE version: OpenJDK Runtime Environment Temurin-21.0.10+7 (21.0.10+7) (build 21.0.10+7-LTS)
# Java VM: OpenJDK 64-Bit Server VM Temurin-21.0.10+7 (21.0.10+7-LTS, mixed mode, sharing, tiered, compressed oops, compressed class ptrs, g1 gc, windows-amd64)
GC Precious Log:
 CardTable entry size: 512
 Card Set container configuration: InlinePtr #cards 5 size 8 Array Of Cards #cards 12 size 40 Howl #buckets 4 coarsen threshold 1843 Howl Bitmap #cards 512 size 80 coarsen threshold 460 Card regions per heap region 1 cards per card region 2048
 CPUs: 2 total, 2 available
 Memory: 7418M
 Large Page Support: Disabled
 NUMA Support: Disabled
 Compressed Oops: Enabled (32-bit)
 Heap Region Size: 1M
 Heap Min Capacity: 8M
 Heap Initial Capacity: 116M
 Heap Max Capacity: 1856M
 Pre-touch: Disabled
 Parallel Workers: 2
 Concurrent Workers: 1
 Concurrent Refinement Workers: 2
 Periodic GC: Disabled
Heap:
 garbage-first heap   total 192512K, used 123262K [0x000000008c000000, 0x0000000100000000)
  region size 1024K, 7 young (7168K), 7 survivors (7168K)
 Metaspace       used 31724K, committed 32192K, reserved 1114112K
  class space    used 3482K, committed 3712K, reserved 1048576K
GC Heap History (20 events):
Event: 266.240 GC heap after
{Heap after GC invocations=36 (full 0):
 garbage-first heap   total 154624K, used 97418K [0x000000008c000000, 0x0000000100000000)
  region size 1024K, 5 young (5120K), 5 survivors (5120K)
 Metaspace       used 31607K, committed 32064K, reserved 1114112K
  class space    used 3482K, committed 3712K, reserved 1048576K
}
Event: 270.071 GC heap before
{Heap before GC invocations=36 (full 0):
 garbage-first heap   total 154624K, used 144522K [0x000000008c000000, 0x0000000100000000)
  region size 1024K, 51 young (52224K), 5 survivors (5120K)
 Metaspace       used 31608K, committed 32064K, reserved 1114112K
  class space    used 3482K, committed 3712K, reserved 1048576K
}
Event: 270.107 GC heap after
{Heap after GC invocations=37 (full 0):
 garbage-first heap   total 154624K, used 99840K [0x000000008c000000, 0x0000000100000000)
  region size 1024K, 5 young (5120K), 5 survivors (5120K)
 Metaspace       used 31608K, committed 32064K, reserved 1114112K
  class space    used 3482K, committed 3712K, reserved 1048576K
}
Event: 271.966 GC heap before
{Heap before GC invocations=38 (full 0):
 garbage-first heap   total 165888K, used 143872K [0x000000008c000000, 0x0000000100000000)
  region size 1024K, 49 young (50176K), 5 survivors (5120K)
 Metaspace       used 31608K, committed 32064K, reserved 1114112K
  class space    used 3482K, committed 3712K, reserved 1048576K
}
Event: 271.987 GC heap after
{Heap after GC invocations=39 (full 0):
 garbage-first heap   total 165888K, used 101380K [0x000000008c000000, 0x0000000100000000)
  region size 1024K, 5 young (5120K), 5 survivors (5120K)
 Metaspace       used 31608K, committed 32064K, reserved 1114112K
  class space    used 3482K, committed 3712K, reserved 1048576K
}
Event: 276.420 GC heap before
{Heap before GC invocations=39 (full 0):
 garbage-first heap   total 165888K, used 155652K [0x000000008c000000, 0x0000000100000000)
  region size 1024K, 58 young (59392K), 5 survivors (5120K)
 Metaspace       used 31614K, committed 32064K, reserved 1114112K
  class space    used 3482K, committed 3712K, reserved 1048576K
}
Event: 276.448 GC heap after
{Heap after GC invocations=40 (full 0):
 garbage-first heap   total 165888K, used 102471K [0x000000008c000000, 0x0000000100000000)
  region size 1024K, 5 young (5120K), 5 survivors (5120K)
 Metaspace       used 31614K, committed 32064K, reserved 1114112K
  class space    used 3482K, committed 3712K, reserved 1048576K
}
Event: 278.864 GC heap before
{Heap before GC invocations=40 (full 0):
 garbage-first heap   total 165888K, used 155719K [0x000000008c000000, 0x0000000100000000)
  region size 1024K, 57 young (58368K), 5 survivors (5120K)
 Metaspace       used 31637K, committed 32128K, reserved 1114112K
  class space    used 3482K, committed 3712K, reserved 1048576K
}
Event: 278.881 GC heap after
{Heap after GC invocations=41 (full 0):
 garbage-first heap   total 165888K, used 105028K [0x000000008c000000, 0x0000000100000000)
  region size 1024K, 5 young (5120K), 5 survivors (5120K)
 Metaspace       used 31637K, committed 32128K, reserved 1114112K
  class space    used 3482K, committed 3712K, reserved 1048576K
}
Event: 280.926 GC heap before
{Heap before GC invocations=42 (full 0):
 garbage-first heap   total 176128K, used 155204K [0x000000008c000000, 0x0000000100000000)
  region size 1024K, 54 young (55296K), 5 survivors (5120K)
 Metaspace       used 31639K, committed 32128K, reserved 1114112K
  class space    used 3482K, committed 3712K, reserved 1048576K
}
Event: 280.953 GC heap after
{Heap after GC invocations=43 (full 0):
 garbage-first heap   total 176128K, used 108032K [0x000000008c000000, 0x0000000100000000)
  region size 1024K, 6 young (6144K), 6 survivors (6144K)
 Metaspace       used 31639K, committed 32128K, reserved 1114112K
  class space    used 3482K, committed 3712K, reserved 1048576K
}
Event: 282.414 GC heap before
{Heap before GC invocations=43 (full 0):
 garbage-first heap   total 176128K, used 168448K [0x000000008c000000, 0x0000000100000000)
  region size 1024K, 62 young (63488K), 6 survivors (6144K)
 Metaspace       used 31641K, committed 32128K, reserved 1114112K
  class space    used 3482K, committed 3712K, reserved 1048576K
}
Event: 282.447 GC heap after
{Heap after GC invocations=44 (full 0):
 garbage-first heap   total 180224K, used 113634K [0x000000008c000000, 0x0000000100000000)
  region size 1024K, 6 young (6144K), 6 survivors (6144K)
 Metaspace       used 31641K, committed 32128K, reserved 1114112K
  class space    used 3482K, committed 3712K, reserved 1048576K
}
Event: 283.855 GC heap before
{Heap before GC invocations=44 (full 0):
 garbage-first heap   total 180224K, used 169954K [0x000000008c000000, 0x0000000100000000)
  region size 1024K, 61 young (62464K), 6 survivors (6144K)
 Metaspace       used 31682K, committed 32192K, reserved 1114112K
  class space    used 3482K, committed 3712K, reserved 1048576K
}
Event: 283.878 GC heap after
{Heap after GC invocations=45 (full 0):
 garbage-first heap   total 180224K, used 116545K [0x000000008c000000, 0x0000000100000000)
  region size 1024K, 6 young (6144K), 6 survivors (6144K)
 Metaspace       used 31682K, committed 32192K, reserved 1114112K
  class space    used 3482K, committed 3712K, reserved 1048576K
}
Event: 285.304 GC heap before
{Heap before GC invocations=46 (full 0):
 garbage-first heap   total 191488K, used 167745K [0x000000008c000000, 0x0000000100000000)
  region size 1024K, 58 young (59392K), 6 survivors (6144K)
 Metaspace       used 31682K, committed 32192K, reserved 1114112K
  class space    used 3482K, committed 3712K, reserved 1048576K
}
Event: 285.330 GC heap after
{Heap after GC invocations=47 (full 0):
 garbage-first heap   total 191488K, used 117082K [0x000000008c000000, 0x0000000100000000)
  region size 1024K, 6 young (6144K), 6 survivors (6144K)
 Metaspace       used 31682K, committed 32192K, reserved 1114112K
  class space    used 3482K, committed 3712K, reserved 1048576K
}
Event: 286.606 GC heap before
{Heap before GC invocations=47 (full 0):
 garbage-first heap   total 191488K, used 180570K [0x000000008c000000, 0x0000000100000000)
  region size 1024K, 68 young (69632K), 6 survivors (6144K)
 Metaspace       used 31686K, committed 32192K, reserved 1114112K
  class space    used 3482K, committed 3712K, reserved 1048576K
}
Event: 286.651 GC heap after
{Heap after GC invocations=48 (full 0):
 garbage-first heap   total 192512K, used 119808K [0x000000008c000000, 0x0000000100000000)
  region size 1024K, 6 young (6144K), 6 survivors (6144K)
 Metaspace       used 31686K, committed 32192K, reserved 1114112K
  class space    used 3482K, committed 3712K, reserved 1048576K
}
Event: 289.286 GC heap before
{Heap before GC invocations=48 (full 0):
 garbage-first heap   total 192512K, used 182272K [0x000000008c000000, 0x0000000100000000)
  region size 1024K, 67 young (68608K), 6 survivors (6144K)
 Metaspace       used 31724K, committed 32192K, reserved 1114112K
  class space    used 3482K, committed 3712K, reserved 1048576K
}

